Build started 12/1/2013 4:45:50 PM.
     1>Project "F:\UIAutomation\UIAutomationProject\UIAutomationAPIDemo\UIAutomationAPIDemo.vcxproj" on node 2 (build target(s)).
     1>InitializeBuildStatus:
         Creating "x64\Debug\UIAutomationAPIDemo.unsuccessfulbuild" because "AlwaysCreate" was specified.
       ClCompile:
         All outputs are up-to-date.
         All outputs are up-to-date.
       ManifestResourceCompile:
         All outputs are up-to-date.
       Link:
         All outputs are up-to-date.
         UIAutomationAPIDemo.vcxproj -> F:\UIAutomation\UIAutomationProject\bin\x64\Debug\UIAutomationAPIDemo.exe
       Manifest:
         All outputs are up-to-date.
       FinalizeBuildStatus:
         Deleting file "x64\Debug\UIAutomationAPIDemo.unsuccessfulbuild".
         Touching "x64\Debug\UIAutomationAPIDemo.lastbuildstate".
     1>Done Building Project "F:\UIAutomation\UIAutomationProject\UIAutomationAPIDemo\UIAutomationAPIDemo.vcxproj" (build target(s)).

Build succeeded.

Time Elapsed 00:00:00.41
