Build started 12/1/2013 4:30:04 PM.
     1>Project "F:\UIAutomation\UIAutomationProject\Plugin_UIA\Plugin_UIA.vcxproj" on node 2 (build target(s)).
     1>InitializeBuildStatus:
         Creating "x64\Debug\Plugin_UIA.unsuccessfulbuild" because "AlwaysCreate" was specified.
       GenerateTargetFrameworkMonikerAttribute:
       Skipping target "GenerateTargetFrameworkMonikerAttribute" because all output files are up-to-date with respect to the input files.
       ClCompile:
         C:\Program Files (x86)\Microsoft Visual Studio 10.0\VC\bin\x86_amd64\CL.exe /c /AI"C:\Program Files (x86)\Reference Assemblies\Microsoft\Framework\.NETFramework\v4.0" /Zi /clr /nologo /W3 /WX- /Od /D _WINDLL /D _MBCS /EHa /MDd /GS /fp:precise /Zc:wchar_t /Zc:forScope /Fo"x64\Debug\\" /Fd"x64\Debug\vc100.pdb" /TP /errorReport:prompt UIAPlugin.cpp /clr:nostdlib 
         UIAPlugin.cpp
         C:\Program Files (x86)\Microsoft Visual Studio 10.0\VC\bin\x86_amd64\CL.exe /c /Zi /clr /nologo /W3 /WX- /Od /D _WINDLL /D _MBCS /EHa /MDd /GS /fp:precise /Zc:wchar_t /Zc:forScope /Fo"x64\Debug\\" /Fd"x64\Debug\vc100.pdb" /TP /errorReport:prompt "C:\Users\gobom\AppData\Local\Temp\.NETFramework,Version=v4.0.AssemblyAttributes.cpp"
         .NETFramework,Version=v4.0.AssemblyAttributes.cpp
       Link:
         C:\Program Files (x86)\Microsoft Visual Studio 10.0\VC\bin\x86_amd64\link.exe /ERRORREPORT:PROMPT /OUT:"F:\UIAutomation\UIAutomationProject\bin\x64\Debug\Plugin_UIA.dll" /NOLOGO kernel32.lib user32.lib gdi32.lib winspool.lib comdlg32.lib advapi32.lib shell32.lib ole32.lib oleaut32.lib uuid.lib odbc32.lib odbccp32.lib /MANIFEST /ManifestFile:"x64\Debug\Plugin_UIA.dll.intermediate.manifest" /MANIFESTUAC:"level='asInvoker' uiAccess='false'" /DEBUG /PDB:"F:\UIAutomation\UIAutomationProject\bin\x64\Debug\Plugin_UIA.pdb" /ASSEMBLYDEBUG /TLBID:1 /DYNAMICBASE /FIXED:NO /NXCOMPAT /MACHINE:X64 /DLL x64\Debug\UIAPlugin.obj
         "x64\Debug\.NETFramework,Version=v4.0.AssemblyAttributes.obj"
         Plugin_UIA.vcxproj -> F:\UIAutomation\UIAutomationProject\bin\x64\Debug\Plugin_UIA.dll
       Manifest:
         C:\Program Files (x86)\Microsoft SDKs\Windows\v7.0A\bin\mt.exe /nologo /verbose /outputresource:"F:\UIAutomation\UIAutomationProject\bin\x64\Debug\Plugin_UIA.dll;#2" /manifest x64\Debug\Plugin_UIA.dll.intermediate.manifest
       FinalizeBuildStatus:
         Deleting file "x64\Debug\Plugin_UIA.unsuccessfulbuild".
         Touching "x64\Debug\Plugin_UIA.lastbuildstate".
     1>Done Building Project "F:\UIAutomation\UIAutomationProject\Plugin_UIA\Plugin_UIA.vcxproj" (build target(s)).

Build succeeded.

Time Elapsed 00:00:03.55
