Build started 12/1/2013 6:21:34 PM.
     1>Project "F:\UIAutomation\UIAutomationProject\JNIWrapper\JNIWrapper.vcxproj" on node 2 (rebuild target(s)).
     1>_PrepareForClean:
         Deleting file "Debug\JNIWrapper.lastbuildstate".
       InitializeBuildStatus:
         Creating "Debug\JNIWrapper.unsuccessfulbuild" because "AlwaysCreate" was specified.
       ClCompile:
         C:\Program Files (x86)\Microsoft Visual Studio 10.0\VC\bin\CL.exe /c /I"C:\Program Files\Java\jdk1.7.0_45\include" /I"C:\Program Files\Java\jdk1.7.0_45\include\win32" /ZI /nologo /W3 /WX- /Od /Oy- /D _WINDLL /D _MBCS /Gm /EHsc /RTC1 /MDd /GS /fp:precise /Zc:wchar_t /Zc:forScope /Fo"Debug\\" /Fd"Debug\vc100.pdb" /Gd /TP /analyze- /errorReport:prompt JNIDemo_HelloWorld.cpp
         JNIDemo_HelloWorld.cpp
       Link:
         C:\Program Files (x86)\Microsoft Visual Studio 10.0\VC\bin\link.exe /ERRORREPORT:PROMPT /OUT:"F:\UIAutomation\UIAutomationProject\bin\Win32\Debug\JNIWrapper.dll" /NOLOGO kernel32.lib user32.lib gdi32.lib winspool.lib comdlg32.lib advapi32.lib shell32.lib ole32.lib oleaut32.lib uuid.lib odbc32.lib odbccp32.lib /MANIFEST /ManifestFile:"Debug\JNIWrapper.dll.intermediate.manifest" /MANIFESTUAC:"level='asInvoker' uiAccess='false'" /DEBUG /PDB:"F:\UIAutomation\UIAutomationProject\bin\Win32\Debug\JNIWrapper.pdb" /TLBID:1 /DYNAMICBASE /NXCOMPAT /IMPLIB:"F:\UIAutomation\UIAutomationProject\bin\Win32\Debug\JNIWrapper.lib" /MACHINE:X86 /DLL Debug\JNIDemo_HelloWorld.obj
            Creating library F:\UIAutomation\UIAutomationProject\bin\Win32\Debug\JNIWrapper.lib and object F:\UIAutomation\UIAutomationProject\bin\Win32\Debug\JNIWrapper.exp
         JNIWrapper.vcxproj -> F:\UIAutomation\UIAutomationProject\bin\Win32\Debug\JNIWrapper.dll
       Manifest:
         C:\Program Files (x86)\Microsoft SDKs\Windows\v7.0A\bin\mt.exe /nologo /verbose /outputresource:"F:\UIAutomation\UIAutomationProject\bin\Win32\Debug\JNIWrapper.dll;#2" /manifest Debug\JNIWrapper.dll.intermediate.manifest
       FinalizeBuildStatus:
         Deleting file "Debug\JNIWrapper.unsuccessfulbuild".
         Touching "Debug\JNIWrapper.lastbuildstate".
     1>Done Building Project "F:\UIAutomation\UIAutomationProject\JNIWrapper\JNIWrapper.vcxproj" (rebuild target(s)).

Build succeeded.

Time Elapsed 00:00:00.91
