F:\UIAUTOMATION\UIAUTOMATIONPROJECT\BIN\WIN32\DEBUG\PLUGIN_UIA.DLL
F:\UIAUTOMATION\UIAUTOMATIONPROJECT\BIN\WIN32\DEBUG\PLUGIN_UIA.ILK
F:\UIAUTOMATION\UIAUTOMATIONPROJECT\BIN\WIN32\DEBUG\PLUGIN_UIA.PDB
F:\UIAUTOMATION\UIAUTOMATIONPROJECT\PLUGIN_UIA\DEBUG\.NETFRAMEWORK,VERSION=V4.0.ASSEMBLYATTRIBUTES.OBJ
F:\UIAutomation\UIAutomationProject\Plugin_UIA\Debug\cl.command.1.tlog
F:\UIAutomation\UIAutomationProject\Plugin_UIA\Debug\CL.read.1.tlog
F:\UIAutomation\UIAutomationProject\Plugin_UIA\Debug\CL.write.1.tlog
F:\UIAutomation\UIAutomationProject\Plugin_UIA\Debug\link.3804.read.1.tlog
F:\UIAutomation\UIAutomationProject\Plugin_UIA\Debug\link.3804.write.1.tlog
F:\UIAutomation\UIAutomationProject\Plugin_UIA\Debug\link.command.1.tlog
F:\UIAutomation\UIAutomationProject\Plugin_UIA\Debug\link.read.1.tlog
F:\UIAutomation\UIAutomationProject\Plugin_UIA\Debug\link.write.1.tlog
F:\UIAutomation\UIAutomationProject\Plugin_UIA\Debug\mt.command.1.tlog
F:\UIAutomation\UIAutomationProject\Plugin_UIA\Debug\mt.read.1.tlog
F:\UIAutomation\UIAutomationProject\Plugin_UIA\Debug\mt.write.1.tlog
F:\UIAUTOMATION\UIAUTOMATIONPROJECT\PLUGIN_UIA\DEBUG\PLUGIN_UIA.DLL.INTERMEDIATE.MANIFEST
F:\UIAutomation\UIAutomationProject\Plugin_UIA\Debug\Plugin_UIA.write.1.tlog
F:\UIAutomation\UIAutomationProject\Plugin_UIA\Debug\ResolveAssemblyReference.cache
F:\UIAUTOMATION\UIAUTOMATIONPROJECT\PLUGIN_UIA\DEBUG\UIAPLUGIN.OBJ
F:\UIAUTOMATION\UIAUTOMATIONPROJECT\PLUGIN_UIA\DEBUG\VC100.PDB
