F:\UIAUTOMATION\UIAUTOMATIONPROJECT\BIN\X64\DEBUG\JNIWRAPPER.DLL
F:\UIAutomation\UIAutomationProject\bin\x64\Debug\JNIWrapper.exp
F:\UIAUTOMATION\UIAUTOMATIONPROJECT\BIN\X64\DEBUG\JNIWRAPPER.ILK
F:\UIAutomation\UIAutomationProject\bin\x64\Debug\JNIWrapper.lib
F:\UIAUTOMATION\UIAUTOMATIONPROJECT\BIN\X64\DEBUG\JNIWRAPPER.PDB
F:\UIAutomation\UIAutomationProject\JNIWrapper\x64\Debug\cl.command.1.tlog
F:\UIAutomation\UIAutomationProject\JNIWrapper\x64\Debug\CL.read.1.tlog
F:\UIAutomation\UIAutomationProject\JNIWrapper\x64\Debug\CL.write.1.tlog
F:\UIAUTOMATION\UIAUTOMATIONPROJECT\JNIWRAPPER\X64\DEBUG\JNIDEMO_HELLOWORLD.OBJ
F:\UIAUTOMATION\UIAUTOMATIONPROJECT\JNIWRAPPER\X64\DEBUG\JNIWRAPPER.DLL.INTERMEDIATE.MANIFEST
F:\UIAutomation\UIAutomationProject\JNIWrapper\x64\Debug\JNIWrapper.write.1.tlog
F:\UIAutomation\UIAutomationProject\JNIWrapper\x64\Debug\link.command.1.tlog
F:\UIAutomation\UIAutomationProject\JNIWrapper\x64\Debug\link.read.1.tlog
F:\UIAutomation\UIAutomationProject\JNIWrapper\x64\Debug\link.write.1.tlog
F:\UIAutomation\UIAutomationProject\JNIWrapper\x64\Debug\mt.command.1.tlog
F:\UIAutomation\UIAutomationProject\JNIWrapper\x64\Debug\mt.read.1.tlog
F:\UIAutomation\UIAutomationProject\JNIWrapper\x64\Debug\mt.write.1.tlog
F:\UIAutomation\UIAutomationProject\JNIWrapper\x64\Debug\vc100.idb
F:\UIAUTOMATION\UIAUTOMATIONPROJECT\JNIWRAPPER\X64\DEBUG\VC100.PDB
F:\UIAUTOMATION\UIAUTOMATIONPROJECT\X64\DEBUG\JNIWRAPPER.DLL
F:\UIAutomation\UIAutomationProject\x64\Debug\JNIWrapper.exp
F:\UIAUTOMATION\UIAUTOMATIONPROJECT\X64\DEBUG\JNIWRAPPER.ILK
F:\UIAutomation\UIAutomationProject\x64\Debug\JNIWrapper.lib
