Build started 11/9/2013 10:26:03 PM.
     1>Project "F:\UIAutomation\UIAutomationProject\UIAutomationAPIDemo\UIAutomationAPIDemo.vcxproj" on node 3 (rebuild target(s)).
     1>InitializeBuildStatus:
         Creating "x64\Release\UIAutomationAPIDemo.unsuccessfulbuild" because "AlwaysCreate" was specified.
       ClCompile:
         C:\Program Files (x86)\Microsoft Visual Studio 10.0\VC\bin\x86_amd64\CL.exe /c /Zi /nologo /W3 /WX- /O2 /Oi /GL /D WIN32 /D NDEBUG /D _CONSOLE /D _UNICODE /D UNICODE /Gm- /EHsc /MD /GS /Gy /fp:precise /Zc:wchar_t /Zc:forScope /Yc"StdAfx.h" /Fp"x64\Release\UIAutomationAPIDemo.pch" /Fo"x64\Release\\" /Fd"x64\Release\vc100.pdb" /Gd /TP /errorReport:prompt stdafx.cpp
         stdafx.cpp
         C:\Program Files (x86)\Microsoft Visual Studio 10.0\VC\bin\x86_amd64\CL.exe /c /Zi /nologo /W3 /WX- /O2 /Oi /GL /D WIN32 /D NDEBUG /D _CONSOLE /D _UNICODE /D UNICODE /Gm- /EHsc /MD /GS /Gy /fp:precise /Zc:wchar_t /Zc:forScope /Yu"StdAfx.h" /Fp"x64\Release\UIAutomationAPIDemo.pch" /Fo"x64\Release\\" /Fd"x64\Release\vc100.pdb" /Gd /TP /errorReport:prompt UIAutomationAPIDemo.cpp
         UIAutomationAPIDemo.cpp
     1>UIAutomationAPIDemo.cpp(33): warning C4267: 'argument' : conversion from 'size_t' to 'int', possible loss of data
     1>UIAutomationAPIDemo.cpp(38): warning C4267: 'argument' : conversion from 'size_t' to 'int', possible loss of data
       Link:
         C:\Program Files (x86)\Microsoft Visual Studio 10.0\VC\bin\x86_amd64\link.exe /ERRORREPORT:PROMPT /OUT:"F:\UIAutomation\UIAutomationProject\bin\x64\Release\UIAutomationAPIDemo.exe" /INCREMENTAL:NO /NOLOGO kernel32.lib user32.lib gdi32.lib winspool.lib comdlg32.lib advapi32.lib shell32.lib ole32.lib oleaut32.lib uuid.lib odbc32.lib odbccp32.lib /MANIFEST /ManifestFile:"x64\Release\UIAutomationAPIDemo.exe.intermediate.manifest" /MANIFESTUAC:"level='asInvoker' uiAccess='false'" /DEBUG /PDB:"F:\UIAutomation\UIAutomationProject\bin\x64\Release\UIAutomationAPIDemo.pdb" /SUBSYSTEM:CONSOLE /OPT:REF /OPT:ICF /LTCG /TLBID:1 /DYNAMICBASE /NXCOMPAT /IMPLIB:"F:\UIAutomation\UIAutomationProject\bin\x64\Release\UIAutomationAPIDemo.lib" /MACHINE:X64 x64\Release\stdafx.obj
         x64\Release\UIAutomationAPIDemo.obj
         Generating code
         Finished generating code
         UIAutomationAPIDemo.vcxproj -> F:\UIAutomation\UIAutomationProject\bin\x64\Release\UIAutomationAPIDemo.exe
       Manifest:
         C:\Program Files (x86)\Microsoft SDKs\Windows\v7.0A\bin\mt.exe /nologo /verbose /outputresource:"F:\UIAutomation\UIAutomationProject\bin\x64\Release\UIAutomationAPIDemo.exe;#1" /manifest x64\Release\UIAutomationAPIDemo.exe.intermediate.manifest
       FinalizeBuildStatus:
         Deleting file "x64\Release\UIAutomationAPIDemo.unsuccessfulbuild".
         Touching "x64\Release\UIAutomationAPIDemo.lastbuildstate".
     1>Done Building Project "F:\UIAutomation\UIAutomationProject\UIAutomationAPIDemo\UIAutomationAPIDemo.vcxproj" (rebuild target(s)).

Build succeeded.

Time Elapsed 00:00:03.56
