F:\UIAutomation\UIAutomationProject\bin\Win32\Debug\UIAutomationAPIDemo.pdb
F:\UIAutomation\UIAutomationProject\UIAutomationAPIDemo\Debug\cl.command.1.tlog
F:\UIAutomation\UIAutomationProject\UIAutomationAPIDemo\Debug\CL.read.1.tlog
F:\UIAutomation\UIAutomationProject\UIAutomationAPIDemo\Debug\CL.write.1.tlog
F:\UIAutomation\UIAutomationProject\UIAutomationAPIDemo\Debug\link.command.1.tlog
F:\UIAutomation\UIAutomationProject\UIAutomationAPIDemo\Debug\link.read.1.tlog
F:\UIAutomation\UIAutomationProject\UIAutomationAPIDemo\Debug\link.write.1.tlog
F:\UIAutomation\UIAutomationProject\UIAutomationAPIDemo\Debug\link-cvtres.read.1.tlog
F:\UIAutomation\UIAutomationProject\UIAutomationAPIDemo\Debug\link-cvtres.write.1.tlog
F:\UIAutomation\UIAutomationProject\UIAutomationAPIDemo\Debug\rc.command.1.tlog
F:\UIAutomation\UIAutomationProject\UIAutomationAPIDemo\Debug\rc.read.1.tlog
F:\UIAutomation\UIAutomationProject\UIAutomationAPIDemo\Debug\rc.write.1.tlog
F:\UIAUTOMATION\UIAUTOMATIONPROJECT\UIAUTOMATIONAPIDEMO\DEBUG\STDAFX.OBJ
F:\UIAutomation\UIAutomationProject\UIAutomationAPIDemo\Debug\UIAutomationAPIDemo.exe.embed.manifest
F:\UIAUTOMATION\UIAUTOMATIONPROJECT\UIAUTOMATIONAPIDEMO\DEBUG\UIAUTOMATIONAPIDEMO.EXE.EMBED.MANIFEST.RES
F:\UIAutomation\UIAutomationProject\UIAutomationAPIDemo\Debug\UIAutomationAPIDemo.exe.intermediate.manifest
F:\UIAUTOMATION\UIAUTOMATIONPROJECT\UIAUTOMATIONAPIDEMO\DEBUG\UIAUTOMATIONAPIDEMO.OBJ
F:\UIAUTOMATION\UIAUTOMATIONPROJECT\UIAUTOMATIONAPIDEMO\DEBUG\UIAUTOMATIONAPIDEMO.PCH
F:\UIAutomation\UIAutomationProject\UIAutomationAPIDemo\Debug\UIAutomationAPIDemo_manifest.rc
F:\UIAutomation\UIAutomationProject\UIAutomationAPIDemo\Debug\vc100.idb
F:\UIAUTOMATION\UIAUTOMATIONPROJECT\UIAUTOMATIONAPIDEMO\DEBUG\VC100.PDB
