F:\UIAUTOMATION\UIAUTOMATIONPROJECT\BIN\X64\DEBUG\UIAUTOMATIONAPIDEMO.EXE
F:\UIAUTOMATION\UIAUTOMATIONPROJECT\BIN\X64\DEBUG\UIAUTOMATIONAPIDEMO.ILK
F:\UIAUTOMATION\UIAUTOMATIONPROJECT\BIN\X64\DEBUG\UIAUTOMATIONAPIDEMO.PDB
F:\UIAutomation\UIAutomationProject\UIAutomationAPIDemo\x64\Debug\cl.command.1.tlog
F:\UIAutomation\UIAutomationProject\UIAutomationAPIDemo\x64\Debug\CL.read.1.tlog
F:\UIAutomation\UIAutomationProject\UIAutomationAPIDemo\x64\Debug\CL.write.1.tlog
F:\UIAutomation\UIAutomationProject\UIAutomationAPIDemo\x64\Debug\link.2656.read.1.tlog
F:\UIAutomation\UIAutomationProject\UIAutomationAPIDemo\x64\Debug\link.2656.write.1.tlog
F:\UIAutomation\UIAutomationProject\UIAutomationAPIDemo\x64\Debug\link.2656-cvtres.read.1.tlog
F:\UIAutomation\UIAutomationProject\UIAutomationAPIDemo\x64\Debug\link.2656-cvtres.write.1.tlog
F:\UIAutomation\UIAutomationProject\UIAutomationAPIDemo\x64\Debug\link.command.1.tlog
F:\UIAutomation\UIAutomationProject\UIAutomationAPIDemo\x64\Debug\link.read.1.tlog
F:\UIAutomation\UIAutomationProject\UIAutomationAPIDemo\x64\Debug\link.write.1.tlog
F:\UIAutomation\UIAutomationProject\UIAutomationAPIDemo\x64\Debug\link-cvtres.read.1.tlog
F:\UIAutomation\UIAutomationProject\UIAutomationAPIDemo\x64\Debug\link-cvtres.write.1.tlog
F:\UIAutomation\UIAutomationProject\UIAutomationAPIDemo\x64\Debug\mt.command.1.tlog
F:\UIAutomation\UIAutomationProject\UIAutomationAPIDemo\x64\Debug\mt.read.1.tlog
F:\UIAutomation\UIAutomationProject\UIAutomationAPIDemo\x64\Debug\mt.write.1.tlog
F:\UIAutomation\UIAutomationProject\UIAutomationAPIDemo\x64\Debug\rc.command.1.tlog
F:\UIAutomation\UIAutomationProject\UIAutomationAPIDemo\x64\Debug\rc.read.1.tlog
F:\UIAutomation\UIAutomationProject\UIAutomationAPIDemo\x64\Debug\rc.write.1.tlog
F:\UIAUTOMATION\UIAUTOMATIONPROJECT\UIAUTOMATIONAPIDEMO\X64\DEBUG\STDAFX.OBJ
F:\UIAUTOMATION\UIAUTOMATIONPROJECT\UIAUTOMATIONAPIDEMO\X64\DEBUG\UIAUTOMATIONAPIDEMO.EXE.EMBED.MANIFEST
F:\UIAUTOMATION\UIAUTOMATIONPROJECT\UIAUTOMATIONAPIDEMO\X64\DEBUG\UIAUTOMATIONAPIDEMO.EXE.EMBED.MANIFEST.RES
F:\UIAUTOMATION\UIAUTOMATIONPROJECT\UIAUTOMATIONAPIDEMO\X64\DEBUG\UIAUTOMATIONAPIDEMO.EXE.INTERMEDIATE.MANIFEST
F:\UIAUTOMATION\UIAUTOMATIONPROJECT\UIAUTOMATIONAPIDEMO\X64\DEBUG\UIAUTOMATIONAPIDEMO.OBJ
F:\UIAUTOMATION\UIAUTOMATIONPROJECT\UIAUTOMATIONAPIDEMO\X64\DEBUG\UIAUTOMATIONAPIDEMO.PCH
F:\UIAutomation\UIAutomationProject\UIAutomationAPIDemo\x64\Debug\UIAutomationAPIDemo_manifest.rc
F:\UIAutomation\UIAutomationProject\UIAutomationAPIDemo\x64\Debug\vc100.idb
F:\UIAUTOMATION\UIAUTOMATIONPROJECT\UIAUTOMATIONAPIDEMO\X64\DEBUG\VC100.PDB
