Build started 11/9/2013 10:26:03 PM.
     1>Project "F:\UIAutomation\UIAutomationProject\JNIWrapper\JNIWrapper.vcxproj" on node 2 (rebuild target(s)).
     1>PrepareForBuild:
         Creating directory "F:\UIAutomation\UIAutomationProject\bin\x64\Release\".
       InitializeBuildStatus:
         Creating "x64\Release\JNIWrapper.unsuccessfulbuild" because "AlwaysCreate" was specified.
       GenerateTargetFrameworkMonikerAttribute:
       Skipping target "GenerateTargetFrameworkMonikerAttribute" because all output files are up-to-date with respect to the input files.
       ClCompile:
         C:\Program Files (x86)\Microsoft Visual Studio 10.0\VC\bin\x86_amd64\CL.exe /c /I"C:\Program Files\Java\jdk1.7.0_45\include\\" /I"C:\Program Files\Java\jdk1.7.0_45\include\win32" /AI"C:\Program Files (x86)\Reference Assemblies\Microsoft\Framework\.NETFramework\v4.0" /Zi /clr /nologo /W3 /WX- /O2 /Oi /GL /D _WINDLL /D _MBCS /EHa /MD /GS /Gy /fp:precise /Zc:wchar_t /Zc:forScope /Fo"x64\Release\\" /Fd"x64\Release\vc100.pdb" /TP /FU"C:\Program Files (x86)\Reference Assemblies\Microsoft\Framework\.NETFramework\v4.0\mscorlib.dll" /FU"C:\Program Files (x86)\Reference Assemblies\Microsoft\Framework\.NETFramework\v4.0\System.Core.dll" /errorReport:prompt JNIDemo_HelloWorld.cpp /clr:nostdlib 
         JNIDemo_HelloWorld.cpp
         C:\Program Files (x86)\Microsoft Visual Studio 10.0\VC\bin\x86_amd64\CL.exe /c /I"C:\Program Files\Java\jdk1.7.0_45\include\\" /I"C:\Program Files\Java\jdk1.7.0_45\include\win32" /Zi /clr /nologo /W3 /WX- /O2 /Oi /GL /D _WINDLL /D _MBCS /EHa /MD /GS /Gy /fp:precise /Zc:wchar_t /Zc:forScope /Fo"x64\Release\\" /Fd"x64\Release\vc100.pdb" /TP /errorReport:prompt "C:\Users\gobom\AppData\Local\Temp\.NETFramework,Version=v4.0.AssemblyAttributes.cpp"
         .NETFramework,Version=v4.0.AssemblyAttributes.cpp
       Link:
         C:\Program Files (x86)\Microsoft Visual Studio 10.0\VC\bin\x86_amd64\link.exe /ERRORREPORT:PROMPT /OUT:"F:\UIAutomation\UIAutomationProject\bin\x64\Release\JNIWrapper.dll" /NOLOGO kernel32.lib user32.lib gdi32.lib winspool.lib comdlg32.lib advapi32.lib shell32.lib ole32.lib oleaut32.lib uuid.lib odbc32.lib odbccp32.lib /MANIFEST /ManifestFile:"x64\Release\JNIWrapper.dll.intermediate.manifest" /MANIFESTUAC:"level='asInvoker' uiAccess='false'" /DEBUG /PDB:"F:\UIAutomation\UIAutomationProject\bin\x64\Release\JNIWrapper.pdb" /OPT:REF /OPT:ICF /LTCG /TLBID:1 /DYNAMICBASE /FIXED:NO /NXCOMPAT /MACHINE:X64 /DLL x64\Release\JNIDemo_HelloWorld.obj
         "x64\Release\.NETFramework,Version=v4.0.AssemblyAttributes.obj"
            Creating library F:\UIAutomation\UIAutomationProject\bin\x64\Release\JNIWrapper.lib and object F:\UIAutomation\UIAutomationProject\bin\x64\Release\JNIWrapper.exp
         LINK : /LTCG specified but no code generation required; remove /LTCG from the link command line to improve linker performance
         JNIWrapper.vcxproj -> F:\UIAutomation\UIAutomationProject\bin\x64\Release\JNIWrapper.dll
       Manifest:
         C:\Program Files (x86)\Microsoft SDKs\Windows\v7.0A\bin\mt.exe /nologo /verbose /outputresource:"F:\UIAutomation\UIAutomationProject\bin\x64\Release\JNIWrapper.dll;#2" /manifest x64\Release\JNIWrapper.dll.intermediate.manifest
       FinalizeBuildStatus:
         Deleting file "x64\Release\JNIWrapper.unsuccessfulbuild".
         Touching "x64\Release\JNIWrapper.lastbuildstate".
     1>Done Building Project "F:\UIAutomation\UIAutomationProject\JNIWrapper\JNIWrapper.vcxproj" (rebuild target(s)).

Build succeeded.

Time Elapsed 00:00:02.48
